<?xml version="1.0" encoding="UTF-8"?>
<!-- Generated by org.testng.reporters.JUnitXMLReporter -->
<testsuite hostname="yaroshenko" ignored="0" name="Test1" tests="4" failures="0" timestamp="03 апр 2018 14:21:16 GMT" time="0.056" errors="0">
  <testcase name="@BeforeMethod mayBeLogout" time="0.01" classname="ua.st.selenium.LoginTest">
    <failure type="java.lang.NullPointerException">
      <![CDATA[java.lang.NullPointerExceptionat ua.st.selenium.LoginTest.mayBeLogout(LoginTest.java:18)... Removed 31 stack frames]]>
    </failure>
  </testcase> <!-- @BeforeMethod mayBeLogout -->
  <testcase name="@BeforeMethod mayBeLogout" time="0.0" classname="ua.st.selenium.LoginTest">
    <skipped/>
  </testcase> <!-- @BeforeMethod mayBeLogout -->
  <testcase name="@BeforeMethod mayBeLogout" time="0.0" classname="ua.st.selenium.LoginTest">
    <skipped/>
  </testcase> <!-- @BeforeMethod mayBeLogout -->
  <testcase name="@BeforeMethod mayBeLogout" time="0.0" classname="ua.st.selenium.LoginTest">
    <skipped/>
  </testcase> <!-- @BeforeMethod mayBeLogout -->
  <testcase name="testLoginFirmOk" time="0.0" classname="ua.st.selenium.LoginTest">
    <skipped/>
  </testcase> <!-- testLoginFirmOk -->
  <testcase name="testLoginUserNotOkEmptyEmailAndPassword" time="0.0" classname="ua.st.selenium.LoginTest">
    <skipped/>
  </testcase> <!-- testLoginUserNotOkEmptyEmailAndPassword -->
  <testcase name="testLoginUserNotOkInvalidEmail" time="0.0" classname="ua.st.selenium.LoginTest">
    <skipped/>
  </testcase> <!-- testLoginUserNotOkInvalidEmail -->
  <testcase name="testLoginUserOk" time="0.0" classname="ua.st.selenium.LoginTest">
    <skipped/>
  </testcase> <!-- testLoginUserOk -->
</testsuite> <!-- Test1 -->
