<?xml version="1.0" encoding="UTF-8"?>
<testng-results skipped="0" failed="0" ignored="0" total="0" passed="0">
  <reporter-output>
  </reporter-output>
  <suite name="Default suite" duration-ms="18" started-at="2017-11-28T11:11:04Z" finished-at="2017-11-28T11:11:04Z">
    <groups>
    </groups>
    <test name="Default test" duration-ms="18" started-at="2017-11-28T11:11:04Z" finished-at="2017-11-28T11:11:04Z">
      <class name="ua.st.selenium.LoginTest">
        <test-method status="PASS" signature="initTestSuite()[pri:0, instance:ua.st.selenium.LoginTest@685cb137]" name="initTestSuite" is-config="true" duration-ms="81" started-at="2017-11-28T13:11:04Z" finished-at="2017-11-28T13:11:04Z">
          <reporter-output>
          </reporter-output>
        </test-method> <!-- initTestSuite -->
        <test-method status="PASS" signature="tearDown()[pri:0, instance:ua.st.selenium.LoginTest@685cb137]" name="tearDown" is-config="true" duration-ms="389" started-at="2017-11-28T13:11:04Z" finished-at="2017-11-28T13:11:05Z">
          <reporter-output>
          </reporter-output>
        </test-method> <!-- tearDown -->
      </class> <!-- ua.st.selenium.LoginTest -->
    </test> <!-- Default test -->
  </suite> <!-- Default suite -->
</testng-results>
