<?xml version="1.0" encoding="UTF-8"?>
<testng-results skipped="0" failed="0" ignored="0" total="1" passed="1">
  <reporter-output>
  </reporter-output>
  <suite name="Tests" duration-ms="19756" started-at="2018-03-28T09:11:50Z" finished-at="2018-03-28T09:12:10Z">
    <groups>
    </groups>
    <test name="Test1" duration-ms="19756" started-at="2018-03-28T09:11:50Z" finished-at="2018-03-28T09:12:10Z">
      <class name="ua.st.selenium.LoginTest">
        <test-method status="PASS" signature="initTestSuite()[pri:0, instance:ua.st.selenium.LoginTest@3dd4520b]" name="initTestSuite" is-config="true" duration-ms="25" started-at="2018-03-28T12:11:50Z" finished-at="2018-03-28T12:11:50Z">
          <reporter-output>
          </reporter-output>
        </test-method> <!-- initTestSuite -->
        <test-method status="PASS" signature="initWebDriver()[pri:0, instance:ua.st.selenium.LoginTest@3dd4520b]" name="initWebDriver" is-config="true" duration-ms="7212" started-at="2018-03-28T12:11:50Z" finished-at="2018-03-28T12:11:57Z">
          <reporter-output>
          </reporter-output>
        </test-method> <!-- initWebDriver -->
        <test-method status="PASS" signature="mayBeLogout()[pri:0, instance:ua.st.selenium.LoginTest@3dd4520b]" name="mayBeLogout" is-config="true" duration-ms="4900" started-at="2018-03-28T12:11:57Z" finished-at="2018-03-28T12:12:02Z">
          <reporter-output>
          </reporter-output>
        </test-method> <!-- mayBeLogout -->
        <test-method status="PASS" signature="testLoginFirmOk()[pri:0, instance:ua.st.selenium.LoginTest@3dd4520b]" name="testLoginFirmOk" duration-ms="7626" started-at="2018-03-28T12:12:02Z" finished-at="2018-03-28T12:12:10Z">
          <reporter-output>
          </reporter-output>
        </test-method> <!-- testLoginFirmOk -->
        <test-method status="PASS" signature="tearDown()[pri:0, instance:ua.st.selenium.LoginTest@3dd4520b]" name="tearDown" is-config="true" duration-ms="269" started-at="2018-03-28T12:12:10Z" finished-at="2018-03-28T12:12:10Z">
          <reporter-output>
          </reporter-output>
        </test-method> <!-- tearDown -->
      </class> <!-- ua.st.selenium.LoginTest -->
    </test> <!-- Test1 -->
  </suite> <!-- Tests -->
</testng-results>
