<?xml version="1.0" encoding="UTF-8"?>
<testng-results skipped="1" failed="0" ignored="0" total="1" passed="0">
  <reporter-output>
  </reporter-output>
  <suite name="Default suite" duration-ms="4990" started-at="2018-02-15T18:10:29Z" finished-at="2018-02-15T18:10:34Z">
    <groups>
    </groups>
    <test name="Default test" duration-ms="4990" started-at="2018-02-15T18:10:29Z" finished-at="2018-02-15T18:10:34Z">
      <class name="ua.st.selenium.SampleTestNgTest">
        <test-method status="PASS" signature="initTestSuite()[pri:0, instance:ua.st.selenium.SampleTestNgTest@685cb137]" name="initTestSuite" is-config="true" duration-ms="11" started-at="2018-02-15T20:10:29Z" finished-at="2018-02-15T20:10:29Z">
          <reporter-output>
          </reporter-output>
        </test-method> <!-- initTestSuite -->
        <test-method status="FAIL" signature="initWebDriver()[pri:0, instance:ua.st.selenium.SampleTestNgTest@685cb137]" name="initWebDriver" is-config="true" duration-ms="4965" started-at="2018-02-15T20:10:29Z" finished-at="2018-02-15T20:10:34Z">
          <exception class="java.lang.NullPointerException">
            <full-stacktrace>
              <![CDATA[java.lang.NullPointerException
	at ua.st.selenium.pages.AnyPage.getHeaderUserText(AnyPage.java:18)
	at ua.st.selenium.pages.CabinetUser.<init>(CabinetUser.java:10)
	at ua.st.selenium.pages.PageManager.<init>(PageManager.java:19)
	at ua.st.selenium.applogic.DriverBasedHelper.<init>(DriverBasedHelper.java:16)
	at ua.st.selenium.applogic.UserHelper.<init>(UserHelper.java:15)
	at ua.st.selenium.applogic.ApplicationManager.<init>(ApplicationManager.java:24)
	at ua.st.selenium.TestNgTestBase.initWebDriver(TestNgTestBase.java:42)
	at sun.reflect.NativeMethodAccessorImpl.invoke0(Native Method)
	at sun.reflect.NativeMethodAccessorImpl.invoke(Unknown Source)
	at sun.reflect.DelegatingMethodAccessorImpl.invoke(Unknown Source)
	at java.lang.reflect.Method.invoke(Unknown Source)
	at org.testng.internal.MethodInvocationHelper.invokeMethod(MethodInvocationHelper.java:108)
	at org.testng.internal.Invoker.invokeConfigurationMethod(Invoker.java:523)
	at org.testng.internal.Invoker.invokeConfigurations(Invoker.java:224)
	at org.testng.internal.Invoker.invokeMethod(Invoker.java:599)
	at org.testng.internal.Invoker.invokeTestMethod(Invoker.java:869)
	at org.testng.internal.Invoker.invokeTestMethods(Invoker.java:1193)
	at org.testng.internal.TestMethodWorker.invokeTestMethods(TestMethodWorker.java:126)
	at org.testng.internal.TestMethodWorker.run(TestMethodWorker.java:109)
	at org.testng.TestRunner.privateRun(TestRunner.java:744)
	at org.testng.TestRunner.run(TestRunner.java:602)
	at org.testng.SuiteRunner.runTest(SuiteRunner.java:380)
	at org.testng.SuiteRunner.runSequentially(SuiteRunner.java:375)
	at org.testng.SuiteRunner.privateRun(SuiteRunner.java:340)
	at org.testng.SuiteRunner.run(SuiteRunner.java:289)
	at org.testng.SuiteRunnerWorker.runSuite(SuiteRunnerWorker.java:52)
	at org.testng.SuiteRunnerWorker.run(SuiteRunnerWorker.java:86)
	at org.testng.TestNG.runSuitesSequentially(TestNG.java:1301)
	at org.testng.TestNG.runSuitesLocally(TestNG.java:1226)
	at org.testng.TestNG.runSuites(TestNG.java:1144)
	at org.testng.TestNG.run(TestNG.java:1115)
	at org.testng.remote.AbstractRemoteTestNG.run(AbstractRemoteTestNG.java:114)
	at org.testng.remote.RemoteTestNG.initAndRun(RemoteTestNG.java:251)
	at org.testng.remote.RemoteTestNG.main(RemoteTestNG.java:77)
]]>
            </full-stacktrace>
          </exception> <!-- java.lang.NullPointerException -->
          <reporter-output>
          </reporter-output>
        </test-method> <!-- initWebDriver -->
        <test-method status="SKIP" signature="testHomePageHasAHeader()[pri:0, instance:ua.st.selenium.SampleTestNgTest@685cb137]" name="testHomePageHasAHeader" duration-ms="0" started-at="2018-02-15T20:10:34Z" finished-at="2018-02-15T20:10:34Z">
          <exception class="java.lang.NullPointerException">
            <full-stacktrace>
              <![CDATA[java.lang.NullPointerException
	at ua.st.selenium.pages.AnyPage.getHeaderUserText(AnyPage.java:18)
	at ua.st.selenium.pages.CabinetUser.<init>(CabinetUser.java:10)
	at ua.st.selenium.pages.PageManager.<init>(PageManager.java:19)
	at ua.st.selenium.applogic.DriverBasedHelper.<init>(DriverBasedHelper.java:16)
	at ua.st.selenium.applogic.UserHelper.<init>(UserHelper.java:15)
	at ua.st.selenium.applogic.ApplicationManager.<init>(ApplicationManager.java:24)
	at ua.st.selenium.TestNgTestBase.initWebDriver(TestNgTestBase.java:42)
	at sun.reflect.NativeMethodAccessorImpl.invoke0(Native Method)
	at sun.reflect.NativeMethodAccessorImpl.invoke(Unknown Source)
	at sun.reflect.DelegatingMethodAccessorImpl.invoke(Unknown Source)
	at java.lang.reflect.Method.invoke(Unknown Source)
	at org.testng.internal.MethodInvocationHelper.invokeMethod(MethodInvocationHelper.java:108)
	at org.testng.internal.Invoker.invokeConfigurationMethod(Invoker.java:523)
	at org.testng.internal.Invoker.invokeConfigurations(Invoker.java:224)
	at org.testng.internal.Invoker.invokeMethod(Invoker.java:599)
	at org.testng.internal.Invoker.invokeTestMethod(Invoker.java:869)
	at org.testng.internal.Invoker.invokeTestMethods(Invoker.java:1193)
	at org.testng.internal.TestMethodWorker.invokeTestMethods(TestMethodWorker.java:126)
	at org.testng.internal.TestMethodWorker.run(TestMethodWorker.java:109)
	at org.testng.TestRunner.privateRun(TestRunner.java:744)
	at org.testng.TestRunner.run(TestRunner.java:602)
	at org.testng.SuiteRunner.runTest(SuiteRunner.java:380)
	at org.testng.SuiteRunner.runSequentially(SuiteRunner.java:375)
	at org.testng.SuiteRunner.privateRun(SuiteRunner.java:340)
	at org.testng.SuiteRunner.run(SuiteRunner.java:289)
	at org.testng.SuiteRunnerWorker.runSuite(SuiteRunnerWorker.java:52)
	at org.testng.SuiteRunnerWorker.run(SuiteRunnerWorker.java:86)
	at org.testng.TestNG.runSuitesSequentially(TestNG.java:1301)
	at org.testng.TestNG.runSuitesLocally(TestNG.java:1226)
	at org.testng.TestNG.runSuites(TestNG.java:1144)
	at org.testng.TestNG.run(TestNG.java:1115)
	at org.testng.remote.AbstractRemoteTestNG.run(AbstractRemoteTestNG.java:114)
	at org.testng.remote.RemoteTestNG.initAndRun(RemoteTestNG.java:251)
	at org.testng.remote.RemoteTestNG.main(RemoteTestNG.java:77)
]]>
            </full-stacktrace>
          </exception> <!-- java.lang.NullPointerException -->
          <reporter-output>
          </reporter-output>
        </test-method> <!-- testHomePageHasAHeader -->
        <test-method status="PASS" signature="tearDown()[pri:0, instance:ua.st.selenium.SampleTestNgTest@685cb137]" name="tearDown" is-config="true" duration-ms="599" started-at="2018-02-15T20:10:34Z" finished-at="2018-02-15T20:10:35Z">
          <reporter-output>
          </reporter-output>
        </test-method> <!-- tearDown -->
      </class> <!-- ua.st.selenium.SampleTestNgTest -->
    </test> <!-- Default test -->
  </suite> <!-- Default suite -->
</testng-results>
